1691839380597	geckodriver	INFO	Listening on 127.0.0.1:56540
1691839383679	mozrunner::runner	INFO	Running command: "C:\\Program Files\\Mozilla Firefox\\firefox.exe" "--marionette" "-headless" "--remote-debugging-port" "56541" "--remote-allow-hosts" "localhost" "-no-remote" "-profile" "C:\\Users\\koany\\AppData\\Local\\Temp\\rust_mozprofileR2sUL7"
*** You are running in headless mode.
console.warn: services.settings: Ignoring preference override of remote settings server
console.warn: services.settings: Allow by setting MOZ_REMOTE_SETTINGS_DEVTOOLS=1 in the environment
1691839383980	Marionette	INFO	Marionette enabled
Dynamically enable window occlusion 0
1691839384047	Marionette	INFO	Listening on port 56550
WebDriver BiDi listening on ws://127.0.0.1:56541
Read port: 56550
1691839384257	RemoteAgent	WARN	TLS certificate errors will be ignored for this session
[GFX1-]: RenderCompositorSWGL failed mapping default framebuffer, no dt
console.error: ({})
DevTools listening on ws://127.0.0.1:56541/devtools/browser/a7ff13e7-bed1-4513-9467-c3b36af2d214
1691839386633	Marionette	WARN	Ignoring event 'DOMContentLoaded' because document has an invalid readyState of 'loading'.
1691839386634	Marionette	WARN	Ignoring event 'DOMContentLoaded' because document has an invalid readyState of 'loading'.
1691839412763	Marionette	INFO	Stopped listening on port 56550
JavaScript warning: https://www.imdb.com/title/tt11291274/mediaviewer/rm289347585/?ref_=tt_ov_i, line 757: Script terminated by timeout at:
timeout/<@https://www.imdb.com/title/tt11291274/mediaviewer/rm289347585/?ref_=tt_ov_i:757:105

Dynamically enable window occlusion 1
[Parent 9836, IPC I/O Parent] WARNING: DuplicateHandle failed for handle 0 in TransferHandles: file /builds/worker/checkouts/gecko/ipc/chromium/src/chrome/common/ipc_channel_win.cc:621
[RDD 22112, IPC I/O Child] WARNING: pipe error: 232: file /builds/worker/checkouts/gecko/ipc/chromium/src/chrome/common/ipc_channel_win.cc:443
